Equate elements:  no current cell.
Equate elements:  no current cell.
Equate elements:  no current cell.
Equate elements:  no current cell.
Equate elements:  no current cell.
Class sky130_fd_sc_hvl__buf_8:  Merged 14 devices.
Equate elements:  no current cell.
Class sky130_fd_sc_hvl__inv_8:  Merged 12 devices.
Equate elements:  no current cell.
Equate elements:  no current cell.

Subcircuit summary:
Circuit 1: example_por                     |Circuit 2: example_por                     
-------------------------------------------|-------------------------------------------
sky130_fd_pr__cap_mim_m3_2_W5U4AW (1)      |(no matching element)                      
sky130_fd_sc_hvl__buf_8 (2)                |sky130_fd_sc_hvl__buf_8 (2)                
sky130_fd_pr__pfet_g5v0d10v5_ZEUEFZ (1)    |(no matching element)                      
sky130_fd_pr__nfet_g5v0d10v5_TGFUGS (1)    |(no matching element)                      
sky130_fd_pr__res_xhigh_po_0p69_S5N9F3 (1) |(no matching element)                      
sky130_fd_pr__pfet_g5v0d10v5_3YBPVB (4)    |(no matching element)                      
sky130_fd_sc_hvl__schmittbuf_1 (1)         |sky130_fd_sc_hvl__schmittbuf_1 (1)         
sky130_fd_pr__pfet_g5v0d10v5_YUHPXE (1)    |(no matching element)                      
sky130_fd_pr__nfet_g5v0d10v5_PKVMTM (1)    |(no matching element)                      
sky130_fd_pr__nfet_g5v0d10v5_ZK8HQC (1)    |(no matching element)                      
sky130_fd_pr__cap_mim_m3_1_WRT4AW (1)      |(no matching element)                      
sky130_fd_pr__pfet_g5v0d10v5_YEUEBV (1)    |(no matching element)                      
sky130_fd_pr__pfet_g5v0d10v5_YUHPBG (1)    |(no matching element)                      
sky130_fd_sc_hvl__inv_8 (1)                |sky130_fd_sc_hvl__inv_8 (1)                
(no matching element)                      |sky130_fd_pr__cap_mim_m3_1 (1)             
(no matching element)                      |sky130_fd_pr__cap_mim_m3_2 (1)             
(no matching element)                      |sky130_fd_pr__pfet_g5v0d10v5 (8)           
(no matching element)                      |sky130_fd_pr__nfet_g5v0d10v5 (3)           
(no matching element)                      |sky130_fd_pr__res_xhigh_po_0p69 (3)        
Number of devices: 18 **Mismatch**         |Number of devices: 20 **Mismatch**         
Number of nets: 40 **Mismatch**            |Number of nets: 16 **Mismatch**            
---------------------------------------------------------------------------------------
Flattening instances of sky130_fd_pr__cap_mim_m3_1_WRT4AW in cell example_por makes a better match
Flattening instances of sky130_fd_pr__pfet_g5v0d10v5_3YBPVB in cell example_por makes a better match
Flattening instances of sky130_fd_pr__nfet_g5v0d10v5_ZK8HQC in cell example_por makes a better match
Flattening instances of sky130_fd_pr__pfet_g5v0d10v5_YUHPBG in cell example_por makes a better match
Flattening instances of sky130_fd_pr__pfet_g5v0d10v5_ZEUEFZ in cell example_por makes a better match
Flattening instances of sky130_fd_pr__cap_mim_m3_2_W5U4AW in cell example_por makes a better match
Flattening instances of sky130_fd_pr__nfet_g5v0d10v5_PKVMTM in cell example_por makes a better match
Making another compare attempt.
Class example_por:  Merged 6 devices.

Subcircuit summary:
Circuit 1: example_por                     |Circuit 2: example_por                     
-------------------------------------------|-------------------------------------------
sky130_fd_pr__cap_mim_m3_2 (1)             |sky130_fd_pr__cap_mim_m3_2 (1)             
sky130_fd_sc_hvl__buf_8 (2)                |sky130_fd_sc_hvl__buf_8 (2)                
sky130_fd_pr__pfet_g5v0d10v5 (7)           |sky130_fd_pr__pfet_g5v0d10v5 (8) **Mismatc 
sky130_fd_pr__nfet_g5v0d10v5_TGFUGS (1)    |(no matching element)                      
sky130_fd_pr__res_xhigh_po_0p69_S5N9F3 (1) |(no matching element)                      
sky130_fd_sc_hvl__schmittbuf_1 (1)         |sky130_fd_sc_hvl__schmittbuf_1 (1)         
sky130_fd_pr__pfet_g5v0d10v5_YUHPXE (1)    |(no matching element)                      
sky130_fd_pr__nfet_g5v0d10v5 (2)           |sky130_fd_pr__nfet_g5v0d10v5 (3) **Mismatc 
sky130_fd_pr__cap_mim_m3_1 (1)             |sky130_fd_pr__cap_mim_m3_1 (1)             
sky130_fd_pr__pfet_g5v0d10v5_YEUEBV (1)    |(no matching element)                      
sky130_fd_sc_hvl__inv_8 (1)                |sky130_fd_sc_hvl__inv_8 (1)                
(no matching element)                      |sky130_fd_pr__res_xhigh_po_0p69 (3)        
Number of devices: 19 **Mismatch**         |Number of devices: 20 **Mismatch**         
Number of nets: 40 **Mismatch**            |Number of nets: 16 **Mismatch**            
---------------------------------------------------------------------------------------
Flattening instances of sky130_fd_pr__pfet_g5v0d10v5_YEUEBV in cell example_por makes a better match
Making another compare attempt.
Class example_por:  Merged 5 devices.

Subcircuit summary:
Circuit 1: example_por                     |Circuit 2: example_por                     
-------------------------------------------|-------------------------------------------
sky130_fd_pr__cap_mim_m3_2 (1)             |sky130_fd_pr__cap_mim_m3_2 (1)             
sky130_fd_sc_hvl__buf_8 (2)                |sky130_fd_sc_hvl__buf_8 (2)                
sky130_fd_pr__pfet_g5v0d10v5 (9)           |sky130_fd_pr__pfet_g5v0d10v5 (8) **Mismatc 
sky130_fd_pr__nfet_g5v0d10v5_TGFUGS (1)    |(no matching element)                      
sky130_fd_pr__res_xhigh_po_0p69_S5N9F3 (1) |(no matching element)                      
sky130_fd_sc_hvl__schmittbuf_1 (1)         |sky130_fd_sc_hvl__schmittbuf_1 (1)         
sky130_fd_pr__pfet_g5v0d10v5_YUHPXE (1)    |(no matching element)                      
sky130_fd_pr__nfet_g5v0d10v5 (2)           |sky130_fd_pr__nfet_g5v0d10v5 (3) **Mismatc 
sky130_fd_pr__cap_mim_m3_1 (1)             |sky130_fd_pr__cap_mim_m3_1 (1)             
sky130_fd_sc_hvl__inv_8 (1)                |sky130_fd_sc_hvl__inv_8 (1)                
(no matching element)                      |sky130_fd_pr__res_xhigh_po_0p69 (3)        
Number of devices: 20                      |Number of devices: 20                      
Number of nets: 40 **Mismatch**            |Number of nets: 16 **Mismatch**            
---------------------------------------------------------------------------------------
NET mismatches: Class fragments follow (with fanout counts):
Circuit 1: example_por                     |Circuit 2: example_por                     

---------------------------------------------------------------------------------------
Net: m1_721_6815#                          |Net: net3                                  
  sky130_fd_pr__nfet_g5v0d10v5_TGFUGS/a_n7 |  sky130_fd_pr__pfet_g5v0d10v5/1 = 1       
  sky130_fd_pr__nfet_g5v0d10v5_TGFUGS/a_51 |  sky130_fd_pr__nfet_g5v0d10v5/2 = 2       
  sky130_fd_pr__nfet_g5v0d10v5_TGFUGS/a_13 |  sky130_fd_pr__nfet_g5v0d10v5/1 = 1       
  sky130_fd_pr__nfet_g5v0d10v5_TGFUGS/a_n2 |                                           
  sky130_fd_pr__nfet_g5v0d10v5_TGFUGS/a_80 |                                           
  sky130_fd_pr__nfet_g5v0d10v5_TGFUGS/a_35 |                                           
  sky130_fd_pr__nfet_g5v0d10v5_TGFUGS/a_n5 |                                           
  sky130_fd_pr__nfet_g5v0d10v5_TGFUGS/a_57 |                                           
  sky130_fd_pr__nfet_g5v0d10v5_TGFUGS/a_n7 |                                           
  sky130_fd_pr__nfet_g5v0d10v5_TGFUGS/a_n3 |                                           
  sky130_fd_pr__nfet_g5v0d10v5_TGFUGS/a_n8 |                                           
  sky130_fd_pr__pfet_g5v0d10v5/1 = 1       |                                           
  sky130_fd_pr__nfet_g5v0d10v5/2 = 1       |                                           
                                           |                                           
Net: m1_185_6573#                          |Net: net7                                  
  sky130_fd_pr__pfet_g5v0d10v5/2 = 2       |  sky130_fd_pr__pfet_g5v0d10v5/2 = 2       
  sky130_fd_pr__pfet_g5v0d10v5/3 = 1       |  sky130_fd_pr__nfet_g5v0d10v5/1 = 1       
  sky130_fd_pr__nfet_g5v0d10v5/1 = 1       |  sky130_fd_pr__pfet_g5v0d10v5/1 = 1       
                                           |                                           
Net: m1_2756_6573#                         |Net: net2                                  
  sky130_fd_pr__pfet_g5v0d10v5/2 = 2       |  sky130_fd_pr__nfet_g5v0d10v5/1 = 1       
  sky130_fd_pr__pfet_g5v0d10v5/3 = 1       |  sky130_fd_pr__pfet_g5v0d10v5/1 = 1       
  sky130_fd_pr__nfet_g5v0d10v5/1 = 1       |  sky130_fd_pr__pfet_g5v0d10v5/2 = 2       
                                           |                                           
Net: vss                                   |Net: vss                                   
  sky130_fd_pr__cap_mim_m3_1/2 = 1         |  sky130_fd_pr__cap_mim_m3_1/2 = 1         
  sky130_fd_pr__cap_mim_m3_2/1 = 1         |  sky130_fd_pr__cap_mim_m3_2/1 = 1         
  sky130_fd_pr__nfet_g5v0d10v5/3 = 2       |  sky130_fd_pr__nfet_g5v0d10v5/3 = 3       
  sky130_fd_pr__nfet_g5v0d10v5/4 = 2       |  sky130_fd_pr__nfet_g5v0d10v5/4 = 3       
  sky130_fd_pr__nfet_g5v0d10v5_TGFUGS/a_73 |  sky130_fd_pr__res_xhigh_po_0p69/3 = 3    
  sky130_fd_pr__nfet_g5v0d10v5_TGFUGS/w_n9 |  sky130_fd_pr__res_xhigh_po_0p69/1 = 2    
  sky130_fd_pr__nfet_g5v0d10v5_TGFUGS/a_n1 |  sky130_fd_pr__res_xhigh_po_0p69/2 = 1    
  sky130_fd_pr__nfet_g5v0d10v5_TGFUGS/a_n5 |  sky130_fd_sc_hvl__buf_8/2 = 2            
  sky130_fd_pr__res_xhigh_po_0p69_S5N9F3/a |  sky130_fd_sc_hvl__buf_8/3 = 2            
  sky130_fd_pr__res_xhigh_po_0p69_S5N9F3/a |  sky130_fd_sc_hvl__inv_8/2 = 1            
  sky130_fd_pr__res_xhigh_po_0p69_S5N9F3/a |  sky130_fd_sc_hvl__inv_8/3 = 1            
  sky130_fd_pr__res_xhigh_po_0p69_S5N9F3/w |  sky130_fd_sc_hvl__schmittbuf_1/2 = 1     
  sky130_fd_pr__res_xhigh_po_0p69_S5N9F3/a |  sky130_fd_sc_hvl__schmittbuf_1/3 = 1     
  sky130_fd_pr__res_xhigh_po_0p69_S5N9F3/a |                                           
  sky130_fd_sc_hvl__schmittbuf_1/VGND = 1  |                                           
  sky130_fd_sc_hvl__schmittbuf_1/VNB = 1   |                                           
  sky130_fd_pr__pfet_g5v0d10v5_YUHPXE/VSUB |                                           
  sky130_fd_sc_hvl__buf_8/VNB = 2          |                                           
  sky130_fd_pr__nfet_g5v0d10v5_TGFUGS/a_29 |                                           
  sky130_fd_sc_hvl__buf_8/VGND = 2         |                                           
  sky130_fd_sc_hvl__inv_8/VGND = 1         |                                           
  sky130_fd_sc_hvl__inv_8/VNB = 1          |                                           
                                           |                                           
Net: vdd3v3                                |Net: vdd3v3                                
  sky130_fd_pr__pfet_g5v0d10v5/4 = 9       |  sky130_fd_pr__pfet_g5v0d10v5/4 = 8       
  sky130_fd_pr__pfet_g5v0d10v5/1 = 2       |  sky130_fd_pr__res_xhigh_po_0p69/2 = 1    
  sky130_fd_pr__pfet_g5v0d10v5/3 = 3       |  sky130_fd_pr__pfet_g5v0d10v5/3 = 4       
  sky130_fd_pr__res_xhigh_po_0p69_S5N9F3/a |  sky130_fd_sc_hvl__buf_8/4 = 1            
  sky130_fd_sc_hvl__schmittbuf_1/VPB = 1   |  sky130_fd_sc_hvl__buf_8/5 = 1            
  sky130_fd_sc_hvl__schmittbuf_1/VPWR = 1  |  sky130_fd_sc_hvl__schmittbuf_1/4 = 1     
  sky130_fd_pr__pfet_g5v0d10v5_YUHPXE/w_n3 |  sky130_fd_sc_hvl__schmittbuf_1/5 = 1     
  sky130_fd_pr__pfet_g5v0d10v5_YUHPXE/a_n1 |                                           
  sky130_fd_sc_hvl__buf_8/VPB = 1          |                                           
  sky130_fd_sc_hvl__buf_8/VPWR = 1         |                                           
                                           |                                           
Net: li_3322_5813#                         |(no matching net)                          
  sky130_fd_pr__res_xhigh_po_0p69_S5N9F3/a |                                           
  sky130_fd_pr__res_xhigh_po_0p69_S5N9F3/a |                                           
                                           |                                           
Net: li_1391_165#                          |(no matching net)                          
  sky130_fd_pr__res_xhigh_po_0p69_S5N9F3/a |                                           
  sky130_fd_pr__res_xhigh_po_0p69_S5N9F3/a |                                           
                                           |                                           
Net: li_7567_165#                          |(no matching net)                          
  sky130_fd_pr__res_xhigh_po_0p69_S5N9F3/a |                                           
  sky130_fd_pr__res_xhigh_po_0p69_S5N9F3/a |                                           
                                           |                                           
Net: li_6023_165#                          |(no matching net)                          
  sky130_fd_pr__res_xhigh_po_0p69_S5N9F3/a |                                           
  sky130_fd_pr__res_xhigh_po_0p69_S5N9F3/a |                                           
                                           |                                           
Net: li_9111_165#                          |(no matching net)                          
  sky130_fd_pr__res_xhigh_po_0p69_S5N9F3/a |                                           
  sky130_fd_pr__res_xhigh_po_0p69_S5N9F3/a |                                           
                                           |                                           
Net: li_8726_5813#                         |(no matching net)                          
  sky130_fd_pr__res_xhigh_po_0p69_S5N9F3/a |                                           
  sky130_fd_pr__res_xhigh_po_0p69_S5N9F3/a |                                           
                                           |                                           
Net: li_6795_165#                          |(no matching net)                          
  sky130_fd_pr__res_xhigh_po_0p69_S5N9F3/a |                                           
  sky130_fd_pr__res_xhigh_po_0p69_S5N9F3/a |                                           
                                           |                                           
Net: li_3707_165#                          |(no matching net)                          
  sky130_fd_pr__res_xhigh_po_0p69_S5N9F3/a |                                           
  sky130_fd_pr__res_xhigh_po_0p69_S5N9F3/a |                                           
                                           |                                           
Net: li_6410_5813#                         |(no matching net)                          
  sky130_fd_pr__res_xhigh_po_0p69_S5N9F3/a |                                           
  sky130_fd_pr__res_xhigh_po_0p69_S5N9F3/a |                                           
                                           |                                           
Net: li_1778_5813#                         |(no matching net)                          
  sky130_fd_pr__res_xhigh_po_0p69_S5N9F3/a |                                           
  sky130_fd_pr__res_xhigh_po_0p69_S5N9F3/a |                                           
                                           |                                           
Net: li_1006_5813#                         |(no matching net)                          
  sky130_fd_pr__res_xhigh_po_0p69_S5N9F3/a |                                           
  sky130_fd_pr__res_xhigh_po_0p69_S5N9F3/a |                                           
                                           |                                           
Net: li_8339_165#                          |(no matching net)                          
  sky130_fd_pr__res_xhigh_po_0p69_S5N9F3/a |                                           
  sky130_fd_pr__res_xhigh_po_0p69_S5N9F3/a |                                           
                                           |                                           
Net: li_9883_165#                          |(no matching net)                          
  sky130_fd_pr__res_xhigh_po_0p69_S5N9F3/a |                                           
  sky130_fd_pr__res_xhigh_po_0p69_S5N9F3/a |                                           
                                           |                                           
Net: li_7954_5813#                         |(no matching net)                          
  sky130_fd_pr__res_xhigh_po_0p69_S5N9F3/a |                                           
  sky130_fd_pr__res_xhigh_po_0p69_S5N9F3/a |                                           
                                           |                                           
Net: li_2935_165#                          |(no matching net)                          
  sky130_fd_pr__res_xhigh_po_0p69_S5N9F3/a |                                           
  sky130_fd_pr__res_xhigh_po_0p69_S5N9F3/a |                                           
                                           |                                           
Net: li_4094_5813#                         |(no matching net)                          
  sky130_fd_pr__res_xhigh_po_0p69_S5N9F3/a |                                           
  sky130_fd_pr__res_xhigh_po_0p69_S5N9F3/a |                                           
                                           |                                           
Net: li_4479_165#                          |(no matching net)                          
  sky130_fd_pr__res_xhigh_po_0p69_S5N9F3/a |                                           
  sky130_fd_pr__res_xhigh_po_0p69_S5N9F3/a |                                           
                                           |                                           
Net: li_4866_5813#                         |(no matching net)                          
  sky130_fd_pr__res_xhigh_po_0p69_S5N9F3/a |                                           
  sky130_fd_pr__res_xhigh_po_0p69_S5N9F3/a |                                           
                                           |                                           
Net: li_2163_165#                          |(no matching net)                          
  sky130_fd_pr__res_xhigh_po_0p69_S5N9F3/a |                                           
  sky130_fd_pr__res_xhigh_po_0p69_S5N9F3/a |                                           
                                           |                                           
Net: li_9498_5813#                         |(no matching net)                          
  sky130_fd_pr__res_xhigh_po_0p69_S5N9F3/a |                                           
  sky130_fd_pr__res_xhigh_po_0p69_S5N9F3/a |                                           
                                           |                                           
Net: li_5251_165#                          |(no matching net)                          
  sky130_fd_pr__res_xhigh_po_0p69_S5N9F3/a |                                           
  sky130_fd_pr__res_xhigh_po_0p69_S5N9F3/a |                                           
                                           |                                           
Net: li_619_165#                           |(no matching net)                          
  sky130_fd_pr__res_xhigh_po_0p69_S5N9F3/a |                                           
  sky130_fd_pr__res_xhigh_po_0p69_S5N9F3/a |                                           
                                           |                                           
Net: li_5638_5813#                         |(no matching net)                          
  sky130_fd_pr__res_xhigh_po_0p69_S5N9F3/a |                                           
  sky130_fd_pr__res_xhigh_po_0p69_S5N9F3/a |                                           
                                           |                                           
Net: li_7182_5813#                         |(no matching net)                          
  sky130_fd_pr__res_xhigh_po_0p69_S5N9F3/a |                                           
  sky130_fd_pr__res_xhigh_po_0p69_S5N9F3/a |                                           
                                           |                                           
Net: m1_2993_7658#                         |(no matching net)                          
  sky130_fd_pr__pfet_g5v0d10v5/3 = 1       |                                           
  sky130_fd_pr__pfet_g5v0d10v5/1 = 1       |                                           
                                           |                                           
Net: m1_6249_7690#                         |(no matching net)                          
  sky130_fd_pr__pfet_g5v0d10v5/3 = 1       |                                           
  sky130_fd_pr__pfet_g5v0d10v5_YUHPXE/a_80 |                                           
---------------------------------------------------------------------------------------

---------------------------------------------------------------------------------------
(no matching net)                          |Net: net8                                  
                                           |  sky130_fd_pr__pfet_g5v0d10v5/1 = 1       
                                           |  sky130_fd_pr__pfet_g5v0d10v5/3 = 1       
                                           |                                           
(no matching net)                          |Net: net5                                  
                                           |  sky130_fd_pr__pfet_g5v0d10v5/3 = 1       
                                           |  sky130_fd_pr__pfet_g5v0d10v5/1 = 1       
---------------------------------------------------------------------------------------

---------------------------------------------------------------------------------------
Net: sky130_fd_sc_hvl__schmittbuf_1_0/A    |Net: net9                                  
  sky130_fd_pr__cap_mim_m3_2/2 = 1         |  sky130_fd_pr__cap_mim_m3_1/1 = 1         
  sky130_fd_sc_hvl__schmittbuf_1/A = 1     |  sky130_fd_pr__cap_mim_m3_2/2 = 1         
  sky130_fd_pr__pfet_g5v0d10v5/1 = 1       |  sky130_fd_pr__pfet_g5v0d10v5/1 = 1       
  sky130_fd_pr__cap_mim_m3_1/1 = 1         |  sky130_fd_sc_hvl__schmittbuf_1/1 = 1     
---------------------------------------------------------------------------------------

---------------------------------------------------------------------------------------
Net: li_2550_5813#                         |Net: net4                                  
  sky130_fd_pr__res_xhigh_po_0p69_S5N9F3/a |  sky130_fd_pr__res_xhigh_po_0p69/1 = 1    
  sky130_fd_pr__res_xhigh_po_0p69_S5N9F3/a |  sky130_fd_pr__res_xhigh_po_0p69/2 = 1    
  sky130_fd_pr__nfet_g5v0d10v5/2 = 1       |  sky130_fd_pr__nfet_g5v0d10v5/2 = 1       
---------------------------------------------------------------------------------------

---------------------------------------------------------------------------------------
Net: m1_4283_8081#                         |(no matching net)                          
  sky130_fd_pr__pfet_g5v0d10v5/1 = 2       |                                           
  sky130_fd_pr__pfet_g5v0d10v5_YUHPXE/a_n8 |                                           
  sky130_fd_pr__pfet_g5v0d10v5/2 = 2       |                                           
  sky130_fd_pr__pfet_g5v0d10v5/3 = 1       |                                           
                                           |                                           
Net: m1_502_7653#                          |(no matching net)                          
  sky130_fd_pr__pfet_g5v0d10v5/1 = 2       |                                           
  sky130_fd_pr__pfet_g5v0d10v5/2 = 3       |                                           
  sky130_fd_pr__pfet_g5v0d10v5/3 = 1       |                                           
---------------------------------------------------------------------------------------
DEVICE mismatches: Class fragments follow (with node fanout counts):
Circuit 1: example_por                     |Circuit 2: example_por                     

---------------------------------------------------------------------------------------
Instance: sky130_fd_pr__pfet_g5v0d10v5_3YB |Instance: sky130_fd_pr__pfet_g5v0d10v5M1   
  1 = 13                                   |  1 = 4                                    
  2 = 4                                    |  2 = 4                                    
  3 = 2                                    |  3 = 2                                    
  4 = 21                                   |  4 = 17                                   
                                           |                                           
Instance: sky130_fd_pr__pfet_g5v0d10v5_3YB |Instance: sky130_fd_pr__pfet_g5v0d10v5M13  
  1 = 4                                    |  1 = 4                                    
  2 = 4                                    |  2 = 4                                    
  3 = 2                                    |  3 = 2                                    
  4 = 21                                   |  4 = 17                                   
                                           |                                           
Instance: sky130_fd_pr__pfet_g5v0d10v5_YUH |Instance: sky130_fd_pr__nfet_g5v0d10v5M2   
  1 = 2                                    |  1 = 4                                    
  2 = 6                                    |  2 = 4                                    
  3 = 21                                   |  3 = 22                                   
  4 = 21                                   |  4 = 22                                   
                                           |                                           
Instance: sky130_fd_pr__nfet_g5v0d10v5_TGF |Instance: sky130_fd_pr__nfet_g5v0d10v5M5   
  a_n792_n200# = 13                        |  1 = 4                                    
  a_298_n200# = 26                         |  2 = 4                                    
  a_516_n200# = 13                         |  3 = 22                                   
  a_734_n200# = 26                         |  4 = 22                                   
  w_n962_n458# = 26                        |                                           
  a_138_n288# = 13                         |                                           
  a_n298_n288# = 13                        |                                           
  a_80_n200# = 13                          |                                           
  a_356_n288# = 13                         |                                           
  a_n516_n288# = 13                        |                                           
  a_574_n288# = 13                         |                                           
  a_n734_n288# = 13                        |                                           
  a_n138_n200# = 26                        |                                           
  a_n356_n200# = 13                        |                                           
  a_n574_n200# = 26                        |                                           
  a_n80_n288# = 13                         |                                           
                                           |                                           
Instance: sky130_fd_pr__res_xhigh_po_0p69_ |Instance: sky130_fd_pr__res_xhigh_po_0p69R 
  a_n1806_2500# = 2                        |  1 = 3                                    
  a_n4122_n2932# = 2                       |  2 = 17                                   
  a_n5280_2500# = 26                       |  3 = 22                                   
  a_2054_n2932# = 2                        |                                           
  a_896_n2932# = 2                         |                                           
  a_4756_2500# = 21                        |                                           
  a_3598_n2932# = 2                        |                                           
  a_3212_2500# = 2                         |                                           
  a_n3736_n2932# = 2                       |                                           
  a_1668_n2932# = 2                        |                                           
  a_n1806_n2932# = 2                       |                                           
  a_5142_n2932# = 26                       |                                           
  a_896_2500# = 2                          |                                           
  a_510_n2932# = 2                         |                                           
  a_n3350_2500# = 2                        |                                           
  a_n4508_2500# = 2                        |                                           
  a_3212_n2932# = 2                        |                                           
  a_n4894_2500# = 26                       |                                           
  a_1282_2500# = 2                         |                                           
  w_n5446_n3098# = 26                      |                                           
  a_4756_n2932# = 2                        |                                           
  a_2826_2500# = 2                         |                                           
  a_2826_n2932# = 2                        |                                           
  a_n2192_n2932# = 2                       |                                           
  a_n1034_2500# = 2                        |                                           
  a_n2578_2500# = 3                        |                                           
  a_n1420_2500# = 2                        |                                           
  a_n2964_2500# = 3                        |                                           
  a_n648_n2932# = 2                        |                                           
  a_n648_2500# = 2                         |                                           
  a_n5280_n2932# = 26                      |                                           
  a_n3350_n2932# = 2                       |                                           
  a_4370_2500# = 2                         |                                           
  a_1282_n2932# = 2                        |                                           
  a_124_n2932# = 2                         |                                           
  a_n1420_n2932# = 2                       |                                           
  a_n4894_n2932# = 2                       |                                           
  a_124_2500# = 2                          |                                           
  a_n2964_n2932# = 2                       |                                           
  a_n4122_2500# = 2                        |                                           
  a_2054_2500# = 2                         |                                           
  a_510_2500# = 2                          |                                           
  a_n4508_n2932# = 2                       |                                           
  a_4370_n2932# = 2                        |                                           
  a_3598_2500# = 2                         |                                           
  a_3984_2500# = 2                         |                                           
  a_2440_n2932# = 2                        |                                           
  a_2440_2500# = 2                         |                                           
  a_3984_n2932# = 2                        |                                           
  a_n2192_2500# = 2                        |                                           
  a_n3736_2500# = 2                        |                                           
  a_1668_2500# = 2                         |                                           
  a_n262_n2932# = 2                        |                                           
  a_n262_2500# = 2                         |                                           
  a_n1034_n2932# = 2                       |                                           
  a_5142_2500# = 26                        |                                           
  a_n2578_n2932# = 2                       |                                           
                                           |                                           
Instance: sky130_fd_pr__pfet_g5v0d10v5_YUH |Instance: sky130_fd_pr__res_xhigh_po_0p69R 
  a_n80_n297# = 6                          |  1 = 22                                   
  a_80_n200# = 2                           |  2 = 3                                    
  w_n338_n497# = 21                        |  3 = 22                                   
  a_n138_n200# = 21                        |                                           
  VSUBS = 26                               |                                           
                                           |                                           
Instance: sky130_fd_pr__nfet_g5v0d10v5_PKV |Instance: sky130_fd_pr__res_xhigh_po_0p69R 
  1 = 4                                    |  1 = 22                                   
  2 = 13                                   |  2 = 22                                   
  3 = 26                                   |  3 = 22                                   
  4 = 26                                   |                                           
---------------------------------------------------------------------------------------
Netlists do not match.
  Flattening non-matched subcircuits example_por example_porEquate elements:  no current cell.
Verify:  no current cell to verify.
